<?xml version="1.0" encoding="UTF-8"?>
<!-- Generated by org.testng.reporters.JUnitXMLReporter -->
<testsuite ignored="0" hostname="DESKTOP-K8G3O1C" failures="1" tests="1" name="End End to Framework Test" time="14.584" errors="0" timestamp="2023-02-07T13:30:26 IST">
  <testcase classname="androidFrameworkDesign.eCommerce_tc_4" name="AddMultipleProductsToCartAndVerifyBrowserNavigation" time="0.007">
    <failure type="java.lang.NullPointerException" message="Cannot invoke &amp;quot;org.openqa.selenium.WebElement.sendKeys(java.lang.CharSequence[])&amp;quot; because &amp;quot;this.nameField&amp;quot; is null">
      <![CDATA[java.lang.NullPointerException: Cannot invoke "org.openqa.selenium.WebElement.sendKeys(java.lang.CharSequence[])" because "this.nameField" is null
at com.frameworkdesign.pageobjects.android.FormPage.setNameField(FormPage.java:52)
at androidFrameworkDesign.eCommerce_tc_4.AddMultipleProductsToCartAndVerifyBrowserNavigation(eCommerce_tc_4.java:22)
at java.base/java.util.ArrayList.forEach(ArrayList.java:1511)
... Removed 27 stack frames]]>
    </failure>
  </testcase> <!-- AddMultipleProductsToCartAndVerifyBrowserNavigation -->
</testsuite> <!-- End End to Framework Test -->
